<?xml version="1.0" encoding="UTF-8"?>
<testng-results ignored="0" total="1" passed="1" failed="0" skipped="0">
  <reporter-output>
  </reporter-output>
  <suite started-at="2023-01-16T20:09:56 IST" name="Default suite" finished-at="2023-01-16T20:09:56 IST" duration-ms="63">
    <groups>
    </groups>
    <test started-at="2023-01-16T20:09:56 IST" name="Default test" finished-at="2023-01-16T20:09:56 IST" duration-ms="63">
      <class name="SE_46_FC_TestNG_API.Testng1">
        <test-method signature="testLonginWithValidCreadentials()[pri:0, instance:SE_46_FC_TestNG_API.Testng1@3835c46]" started-at="2023-01-16T20:09:56 IST" name="testLonginWithValidCreadentials" finished-at="2023-01-16T20:09:56 IST" duration-ms="17" status="PASS">
          <reporter-output>
          </reporter-output>
        </test-method> <!-- testLonginWithValidCreadentials -->
      </class> <!-- SE_46_FC_TestNG_API.Testng1 -->
    </test> <!-- Default test -->
  </suite> <!-- Default suite -->
</testng-results>
